Log file open, 07/08/20 16:44:48
LogInit: Display: Running engine for game: Snake
LogPlatformFile: Not using cached read wrapper
LogTaskGraph: Started task graph with 5 named threads and 11 total threads with 3 sets of task threads.
LogStats: Stats thread started at 4.919103
LogD3D11RHI: Loaded GFSDK_Aftermath_Lib.x64.dll
LogICUInternationalization: ICU TimeZone Detection - Raw Offset: +2:00, Platform Override: ''
LogPluginManager: Mounting plugin Paper2D
LogPluginManager: Mounting plugin AISupport
LogPluginManager: Mounting plugin LightPropagationVolume
LogPluginManager: Mounting plugin CameraShakePreviewer
LogPluginManager: Mounting plugin ActorLayerUtilities
LogPluginManager: Mounting plugin AnimationSharing
LogPluginManager: Mounting plugin CLionSourceCodeAccess
LogPluginManager: Mounting plugin CodeLiteSourceCodeAccess
LogPluginManager: Mounting plugin GitSourceControl
LogPluginManager: Mounting plugin KDevelopSourceCodeAccess
LogPluginManager: Mounting plugin NullSourceCodeAccess
LogPluginManager: Mounting plugin PerforceSourceControl
LogPluginManager: Mounting plugin PlasticSourceControl
LogPluginManager: Mounting plugin RiderSourceCodeAccess
LogPluginManager: Mounting plugin SubversionSourceControl
LogPluginManager: Mounting plugin UObjectPlugin
LogPluginManager: Mounting plugin VisualStudioCodeSourceCodeAccess
LogPluginManager: Mounting plugin VisualStudioSourceCodeAccess
LogPluginManager: Mounting plugin XCodeSourceCodeAccess
LogPluginManager: Mounting plugin AssetManagerEditor
LogPluginManager: Mounting plugin CryptoKeys
LogPluginManager: Mounting plugin CurveEditorTools
LogPluginManager: Mounting plugin DataValidation
LogPluginManager: Mounting plugin EditorScriptingUtilities
LogPluginManager: Mounting plugin FacialAnimation
LogPluginManager: Mounting plugin GameplayTagsEditor
LogPluginManager: Mounting plugin GeometryMode
LogPluginManager: Mounting plugin MacGraphicsSwitching
LogPluginManager: Mounting plugin MaterialAnalyzer
LogPluginManager: Mounting plugin MobileLauncherProfileWizard
LogPluginManager: Mounting plugin PluginBrowser
LogPluginManager: Mounting plugin SpeedTreeImporter
LogPluginManager: Mounting plugin DatasmithContent
LogPluginManager: Mounting plugin VariantManagerContent
LogPluginManager: Mounting plugin AlembicImporter
LogPluginManager: Mounting plugin AutomationUtils
LogPluginManager: Mounting plugin BackChannel
LogPluginManager: Mounting plugin ChaosCloth
LogPluginManager: Mounting plugin ChaosClothEditor
LogPluginManager: Mounting plugin ChaosEditor
LogPluginManager: Mounting plugin ChaosNiagara
LogPluginManager: Mounting plugin ChaosSolverPlugin
LogPluginManager: Mounting plugin CharacterAI
LogPluginManager: Mounting plugin GeometryCache
LogPluginManager: Mounting plugin GeometryCollectionPlugin
LogPluginManager: Mounting plugin GeometryProcessing
LogPluginManager: Mounting plugin PlanarCut
LogPluginManager: Mounting plugin PlatformCrypto
LogPluginManager: Mounting plugin ProxyLODPlugin
LogPluginManager: Mounting plugin SkeletalReduction
LogPluginManager: Mounting plugin Niagara
LogPluginManager: Mounting plugin MagicLeap
LogPluginManager: Mounting plugin MagicLeapLightEstimation
LogPluginManager: Mounting plugin MagicLeapMedia
LogPluginManager: Mounting plugin MagicLeapPassableWorld
LogPluginManager: Mounting plugin MLSDK
LogPluginManager: Mounting plugin AndroidMedia
LogPluginManager: Mounting plugin AvfMedia
LogPluginManager: Mounting plugin ImgMedia
LogPluginManager: Mounting plugin MediaCompositing
LogPluginManager: Mounting plugin MediaPlayerEditor
LogPluginManager: Mounting plugin WebMMedia
LogPluginManager: Mounting plugin WmfMedia
LogPluginManager: Mounting plugin MeshPainting
LogPluginManager: Mounting plugin TcpMessaging
LogPluginManager: Mounting plugin UdpMessaging
LogPluginManager: Mounting plugin ActorSequence
LogPluginManager: Mounting plugin LevelSequenceEditor
LogPluginManager: Mounting plugin MatineeToLevelSequence
LogPluginManager: Mounting plugin MovieRenderPipeline
LogPluginManager: Mounting plugin TemplateSequence
LogPluginManager: Mounting plugin NetcodeUnitTest
LogPluginManager: Mounting plugin NUTUnrealEngine4
LogPluginManager: Mounting plugin OnlineSubsystemGooglePlay
LogPluginManager: Mounting plugin OnlineSubsystemIOS
LogPluginManager: Mounting plugin OnlineSubsystem
LogPluginManager: Mounting plugin OnlineSubsystemNull
LogPluginManager: Mounting plugin OnlineSubsystemUtils
LogPluginManager: Mounting plugin LauncherChunkInstaller
LogPluginManager: Mounting plugin AndroidDeviceProfileSelector
LogPluginManager: Mounting plugin AndroidMoviePlayer
LogPluginManager: Mounting plugin AndroidPermission
LogPluginManager: Mounting plugin AppleImageUtils
LogPluginManager: Mounting plugin AppleMoviePlayer
LogPluginManager: Mounting plugin ArchVisCharacter
LogPluginManager: Mounting plugin AssetTags
LogPluginManager: Mounting plugin AudioCapture
LogPluginManager: Mounting plugin CableComponent
LogPluginManager: Mounting plugin CustomMeshComponent
LogPluginManager: Mounting plugin EditableMesh
LogPluginManager: Mounting plugin ExampleDeviceProfileSelector
LogPluginManager: Mounting plugin GoogleCloudMessaging
LogPluginManager: Mounting plugin GooglePAD
LogPluginManager: Mounting plugin IOSDeviceProfileSelector
LogPluginManager: Mounting plugin LinuxDeviceProfileSelector
LogPluginManager: Mounting plugin LocationServicesBPLibrary
LogPluginManager: Mounting plugin MobilePatchingUtils
LogPluginManager: Mounting plugin OculusVR
LogPluginManager: Mounting plugin PhysXVehicles
LogPluginManager: Mounting plugin PostSplashScreen
LogPluginManager: Mounting plugin ProceduralMeshComponent
LogPluginManager: Mounting plugin RuntimePhysXCooking
LogPluginManager: Mounting plugin SignificanceManager
LogPluginManager: Mounting plugin SoundFields
LogPluginManager: Mounting plugin SteamVR
LogPluginManager: Mounting plugin Synthesis
LogPluginManager: Mounting plugin WebMMoviePlayer
LogPluginManager: Mounting plugin WindowsMoviePlayer
LogPluginManager: Mounting plugin ScreenshotTools
LogInit: Using libcurl 7.55.1-DEV
LogInit:  - built for x86_64-pc-win32
LogInit:  - supports SSL with OpenSSL/1.1.1
LogInit:  - supports HTTP deflate (compression) using libz 1.2.8
LogInit:  - other features:
LogInit:      CURL_VERSION_SSL
LogInit:      CURL_VERSION_LIBZ
LogInit:      CURL_VERSION_IPV6
LogInit:      CURL_VERSION_ASYNCHDNS
LogInit:      CURL_VERSION_LARGEFILE
LogInit:      CURL_VERSION_IDN
LogInit:  CurlRequestOptions (configurable via config and command line):
LogInit:  - bVerifyPeer = true  - Libcurl will verify peer certificate
LogInit:  - bUseHttpProxy = false  - Libcurl will NOT use HTTP proxy
LogInit:  - bDontReuseConnections = false  - Libcurl will reuse connections
LogInit:  - MaxHostConnections = 16  - Libcurl will limit the number of connections to a host
LogInit:  - LocalHostAddr = Default
LogInit:  - BufferSize = 65536
LogOnline: OSS: Creating online subsystem instance for: NULL
LogInit: WinSock: version 1.1 (2.2), MaxSocks=32767, MaxUdp=65467
LogOnline: OSS: TryLoadSubsystemAndSetDefault: Loaded subsystem for module [NULL]
LogInit: Build: ++UE4+Release-4.25-CL-13594126
LogInit: Engine Version: 4.25.1-13594126+++UE4+Release-4.25
LogInit: Compatible Engine Version: 4.25.0-13144385+++UE4+Release-4.25
LogInit: Net CL: 13144385
LogInit: OS: Windows 10 (Release 1903) (), CPU: Intel(R) Core(TM) i7-7500U CPU @ 2.70GHz, GPU: Intel(R) HD Graphics 620
LogInit: Compiled (64-bit): Jun  2 2020 02:10:36
LogInit: Compiled with Visual C++: 19.24.28315.00
LogInit: Build Configuration: Development
LogInit: Branch Name: ++UE4+Release-4.25
LogInit: Command Line: 
LogInit: Base Directory: C:/Program Files/Epic Games/UE_4.25/Engine/Binaries/Win64/
LogInit: Allocator: TBB
LogInit: Installed Engine Build: 1
LogDevObjectVersion: Number of dev versions registered: 26
LogDevObjectVersion:   Dev-Blueprints (B0D832E4-1F89-4F0D-ACCF-7EB736FD4AA2): 10
LogDevObjectVersion:   Dev-Build (E1C64328-A22C-4D53-A36C-8E866417BD8C): 0
LogDevObjectVersion:   Dev-Core (375EC13C-06E4-48FB-B500-84F0262A717E): 4
LogDevObjectVersion:   Dev-Editor (E4B068ED-F494-42E9-A231-DA0B2E46BB41): 38
LogDevObjectVersion:   Dev-Framework (CFFC743F-43B0-4480-9391-14DF171D2073): 37
LogDevObjectVersion:   Dev-Mobile (B02B49B5-BB20-44E9-A304-32B752E40360): 2
LogDevObjectVersion:   Dev-Networking (A4E4105C-59A1-49B5-A7C5-40C4547EDFEE): 0
LogDevObjectVersion:   Dev-Online (39C831C9-5AE6-47DC-9A44-9C173E1C8E7C): 0
LogDevObjectVersion:   Dev-Physics (78F01B33-EBEA-4F98-B9B4-84EACCB95AA2): 4
LogDevObjectVersion:   Dev-Platform (6631380F-2D4D-43E0-8009-CF276956A95A): 0
LogDevObjectVersion:   Dev-Rendering (12F88B9F-8875-4AFC-A67C-D90C383ABD29): 43
LogDevObjectVersion:   Dev-Sequencer (7B5AE74C-D270-4C10-A958-57980B212A5A): 12
LogDevObjectVersion:   Dev-VR (D7296918-1DD6-4BDD-9DE2-64A83CC13884): 3
LogDevObjectVersion:   Dev-LoadTimes (C2A15278-BFE7-4AFE-6C17-90FF531DF755): 1
LogDevObjectVersion:   Private-Geometry (6EACA3D4-40EC-4CC1-B786-8BED09428FC5): 3
LogDevObjectVersion:   Dev-AnimPhys (29E575DD-E0A3-4627-9D10-D276232CDCEA): 17
LogDevObjectVersion:   Dev-Anim (AF43A65D-7FD3-4947-9873-3E8ED9C1BB05): 7
LogDevObjectVersion:   Dev-ReflectionCapture (6B266CEC-1EC7-4B8F-A30B-E4D90942FC07): 1
LogDevObjectVersion:   Dev-Automation (0DF73D61-A23F-47EA-B727-89E90C41499A): 1
LogDevObjectVersion:   FortniteMain (601D1886-AC64-4F84-AA16-D3DE0DEAC7D6): 31
LogDevObjectVersion:   Dev-Enterprise (9DFFBCD6-494F-0158-E221-12823C92A888): 10
LogDevObjectVersion:   Dev-Niagara (F2AED0AC-9AFE-416F-8664-AA7FFA26D6FC): 1
LogDevObjectVersion:   Dev-Destruction (174F1F0B-B4C6-45A5-B13F-2EE8D0FB917D): 10
LogDevObjectVersion:   Dev-Physics-Ext (35F94A83-E258-406C-A318-09F59610247C): 37
LogDevObjectVersion:   Dev-PhysicsMaterial-Chaos (B68FC16E-8B1B-42E2-B453-215C058844FE): 1
LogDevObjectVersion:   Dev-CineCamera (B2E18506-4273-CFC2-A54E-F4BB758BBA07): 1
LogInit: Presizing for max 25165824 objects, including 0 objects not considered by GC, pre-allocating 0 bytes for permanent pool.
LogConfig: Applying CVar settings from Section [/Script/Engine.StreamingSettings] File [C:/Users/User/Documents/Unreal Projects/Snake/Saved/Config/Windows/Engine.ini]
LogConfig: Setting CVar [[s.MinBulkDataSizeForAsyncLoading:131072]]
LogConfig: Setting CVar [[s.AsyncLoadingThreadEnabled:0]]
LogConfig: Setting CVar [[s.EventDrivenLoaderEnabled:1]]
LogConfig: Setting CVar [[s.WarnIfTimeLimitExceeded:0]]
LogConfig: Setting CVar [[s.TimeLimitExceededMultiplier:1.5]]
LogConfig: Setting CVar [[s.TimeLimitExceededMinTime:0.005]]
LogConfig: Setting CVar [[s.UseBackgroundLevelStreaming:1]]
LogConfig: Setting CVar [[s.PriorityAsyncLoadingExtraTime:15.0]]
LogConfig: Setting CVar [[s.LevelStreamingActorsUpdateTimeLimit:5.0]]
LogConfig: Setting CVar [[s.PriorityLevelStreamingActorsUpdateExtraTime:5.0]]
LogConfig: Setting CVar [[s.LevelStreamingComponentsRegistrationGranularity:10]]
LogConfig: Setting CVar [[s.UnregisterComponentsTimeLimit:1.0]]
LogConfig: Setting CVar [[s.LevelStreamingComponentsUnregistrationGranularity:5]]
LogConfig: Setting CVar [[s.FlushStreamingOnExit:1]]
LogInit: Object subsystem initialized
LogConfig: Setting CVar [[con.DebugEarlyDefault:1]]
LogConfig: Setting CVar [[r.setres:1280x720]]
[2020.07.08-13.44.50:663][  0]LogConfig: Setting CVar [[r.VSync:0]]
[2020.07.08-13.44.50:663][  0]LogConfig: Setting CVar [[r.RHICmdBypass:0]]
[2020.07.08-13.44.50:664][  0]LogConfig: Applying CVar settings from Section [/Script/Engine.RendererSettings] File [C:/Users/User/Documents/Unreal Projects/Snake/Saved/Config/Windows/Engine.ini]
[2020.07.08-13.44.50:664][  0]LogConfig: Setting CVar [[r.GPUCrashDebugging:0]]
[2020.07.08-13.44.50:664][  0]LogConfig: Applying CVar settings from Section [/Script/Engine.RendererOverrideSettings] File [C:/Users/User/Documents/Unreal Projects/Snake/Saved/Config/Windows/Engine.ini]
[2020.07.08-13.44.50:664][  0]LogConfig: Applying CVar settings from Section [/Script/Engine.StreamingSettings] File [C:/Users/User/Documents/Unreal Projects/Snake/Saved/Config/Windows/Engine.ini]
[2020.07.08-13.44.50:664][  0]LogConfig: Setting CVar [[s.MinBulkDataSizeForAsyncLoading:131072]]
[2020.07.08-13.44.50:664][  0]LogConfig: Setting CVar [[s.AsyncLoadingThreadEnabled:0]]
[2020.07.08-13.44.50:664][  0]LogConfig: Setting CVar [[s.EventDrivenLoaderEnabled:1]]
[2020.07.08-13.44.50:664][  0]LogConfig: Setting CVar [[s.WarnIfTimeLimitExceeded:0]]
[2020.07.08-13.44.50:664][  0]LogConfig: Setting CVar [[s.TimeLimitExceededMultiplier:1.5]]
[2020.07.08-13.44.50:664][  0]LogConfig: Setting CVar [[s.TimeLimitExceededMinTime:0.005]]
[2020.07.08-13.44.50:664][  0]LogConfig: Setting CVar [[s.UseBackgroundLevelStreaming:1]]
[2020.07.08-13.44.50:664][  0]LogConfig: Setting CVar [[s.PriorityAsyncLoadingExtraTime:15.0]]
[2020.07.08-13.44.50:664][  0]LogConfig: Setting CVar [[s.LevelStreamingActorsUpdateTimeLimit:5.0]]
[2020.07.08-13.44.50:664][  0]LogConfig: Setting CVar [[s.PriorityLevelStreamingActorsUpdateExtraTime:5.0]]
[2020.07.08-13.44.50:664][  0]LogConfig: Setting CVar [[s.LevelStreamingComponentsRegistrationGranularity:10]]
[2020.07.08-13.44.50:664][  0]LogConfig: Setting CVar [[s.UnregisterComponentsTimeLimit:1.0]]
[2020.07.08-13.44.50:664][  0]LogConfig: Setting CVar [[s.LevelStreamingComponentsUnregistrationGranularity:5]]
[2020.07.08-13.44.50:664][  0]LogConfig: Setting CVar [[s.FlushStreamingOnExit:1]]
[2020.07.08-13.44.50:664][  0]LogConfig: Applying CVar settings from Section [/Script/Engine.GarbageCollectionSettings] File [C:/Users/User/Documents/Unreal Projects/Snake/Saved/Config/Windows/Engine.ini]
[2020.07.08-13.44.50:664][  0]LogConfig: Setting CVar [[gc.MaxObjectsNotConsideredByGC:1]]
[2020.07.08-13.44.50:664][  0]LogConfig: Setting CVar [[gc.SizeOfPermanentObjectPool:0]]
[2020.07.08-13.44.50:664][  0]LogConfig: Setting CVar [[gc.FlushStreamingOnGC:0]]
[2020.07.08-13.44.50:664][  0]LogConfig: Setting CVar [[gc.NumRetriesBeforeForcingGC:10]]
[2020.07.08-13.44.50:664][  0]LogConfig: Setting CVar [[gc.AllowParallelGC:1]]
[2020.07.08-13.44.50:664][  0]LogConfig: Setting CVar [[gc.TimeBetweenPurgingPendingKillObjects:61.1]]
[2020.07.08-13.44.50:664][  0]LogConfig: Setting CVar [[gc.MaxObjectsInEditor:25165824]]
[2020.07.08-13.44.50:664][  0]LogConfig: Setting CVar [[gc.IncrementalBeginDestroyEnabled:1]]
[2020.07.08-13.44.50:664][  0]LogConfig: Setting CVar [[gc.CreateGCClusters:1]]
[2020.07.08-13.44.50:664][  0]LogConfig: Setting CVar [[gc.MinGCClusterSize:5]]
[2020.07.08-13.44.50:664][  0]LogConfig: Setting CVar [[gc.ActorClusteringEnabled:0]]
[2020.07.08-13.44.50:664][  0]LogConfig: Setting CVar [[gc.BlueprintClusteringEnabled:0]]
[2020.07.08-13.44.50:664][  0]LogConfig: Setting CVar [[gc.UseDisregardForGCOnDedicatedServers:0]]
[2020.07.08-13.44.50:664][  0]LogConfig: Applying CVar settings from Section [/Script/Engine.NetworkSettings] File [C:/Users/User/Documents/Unreal Projects/Snake/Saved/Config/Windows/Engine.ini]
[2020.07.08-13.44.50:664][  0]LogConfig: Applying CVar settings from Section [/Script/UnrealEd.CookerSettings] File [C:/Users/User/Documents/Unreal Projects/Snake/Saved/Config/Windows/Engine.ini]
[2020.07.08-13.44.50:671][  0]LogConfig: Applying CVar settings from Section [ViewDistanceQuality@3] File [C:/Users/User/Documents/Unreal Projects/Snake/Saved/Config/Windows/Scalability.ini]
[2020.07.08-13.44.50:671][  0]LogConfig: Setting CVar [[r.SkeletalMeshLODBias:0]]
[2020.07.08-13.44.50:671][  0]LogConfig: Setting CVar [[r.ViewDistanceScale:1.0]]
[2020.07.08-13.44.50:672][  0]LogConfig: Applying CVar settings from Section [AntiAliasingQuality@3] File [C:/Users/User/Documents/Unreal Projects/Snake/Saved/Config/Windows/Scalability.ini]
[2020.07.08-13.44.50:672][  0]LogConfig: Setting CVar [[r.PostProcessAAQuality:4]]
[2020.07.08-13.44.50:672][  0]LogConfig: Applying CVar settings from Section [ShadowQuality@3] File [C:/Users/User/Documents/Unreal Projects/Snake/Saved/Config/Windows/Scalability.ini]
[2020.07.08-13.44.50:672][  0]LogConfig: Setting CVar [[r.LightFunctionQuality:1]]
[2020.07.08-13.44.50:672][  0]LogConfig: Setting CVar [[r.ShadowQuality:5]]
[2020.07.08-13.44.50:672][  0]LogConfig: Setting CVar [[r.Shadow.CSM.MaxCascades:10]]
[2020.07.08-13.44.50:672][  0]LogConfig: Setting CVar [[r.Shadow.MaxResolution:2048]]
[2020.07.08-13.44.50:672][  0]LogConfig: Setting CVar [[r.Shadow.MaxCSMResolution:2048]]
[2020.07.08-13.44.50:672][  0]LogConfig: Setting CVar [[r.Shadow.RadiusThreshold:0.01]]
[2020.07.08-13.44.50:672][  0]LogConfig: Setting CVar [[r.Shadow.DistanceScale:1.0]]
[2020.07.08-13.44.50:672][  0]LogConfig: Setting CVar [[r.Shadow.CSM.TransitionScale:1.0]]
[2020.07.08-13.44.50:672][  0]LogConfig: Setting CVar [[r.Shadow.PreShadowResolutionFactor:1.0]]
[2020.07.08-13.44.50:672][  0]LogConfig: Setting CVar [[r.DistanceFieldShadowing:1]]
[2020.07.08-13.44.50:672][  0]LogConfig: Setting CVar [[r.DistanceFieldAO:1]]
[2020.07.08-13.44.50:672][  0]LogConfig: Setting CVar [[r.AOQuality:2]]
[2020.07.08-13.44.50:673][  0]LogConfig: Setting CVar [[r.VolumetricFog:1]]
[2020.07.08-13.44.50:673][  0]LogConfig: Setting CVar [[r.VolumetricFog.GridPixelSize:8]]
[2020.07.08-13.44.50:673][  0]LogConfig: Setting CVar [[r.VolumetricFog.GridSizeZ:128]]
[2020.07.08-13.44.50:673][  0]LogConfig: Setting CVar [[r.VolumetricFog.HistoryMissSupersampleCount:4]]
[2020.07.08-13.44.50:673][  0]LogConfig: Setting CVar [[r.LightMaxDrawDistanceScale:1]]
[2020.07.08-13.44.50:673][  0]LogConfig: Setting CVar [[r.CapsuleShadows:1]]
[2020.07.08-13.44.50:673][  0]LogConfig: Applying CVar settings from Section [PostProcessQuality@3] File [C:/Users/User/Documents/Unreal Projects/Snake/Saved/Config/Windows/Scalability.ini]
[2020.07.08-13.44.50:673][  0]LogConfig: Setting CVar [[r.MotionBlurQuality:4]]
[2020.07.08-13.44.50:673][  0]LogConfig: Setting CVar [[r.AmbientOcclusionMipLevelFactor:0.4]]
[2020.07.08-13.44.50:673][  0]LogConfig: Setting CVar [[r.AmbientOcclusionMaxQuality:100]]
[2020.07.08-13.44.50:673][  0]LogConfig: Setting CVar [[r.AmbientOcclusionLevels:-1]]
[2020.07.08-13.44.50:673][  0]LogConfig: Setting CVar [[r.AmbientOcclusionRadiusScale:1.0]]
[2020.07.08-13.44.50:673][  0]LogConfig: Setting CVar [[r.DepthOfFieldQuality:2]]
[2020.07.08-13.44.50:673][  0]LogConfig: Setting CVar [[r.RenderTargetPoolMin:400]]
[2020.07.08-13.44.50:673][  0]LogConfig: Setting CVar [[r.LensFlareQuality:2]]
[2020.07.08-13.44.50:673][  0]LogConfig: Setting CVar [[r.SceneColorFringeQuality:1]]
[2020.07.08-13.44.50:673][  0]LogConfig: Setting CVar [[r.EyeAdaptationQuality:2]]
[2020.07.08-13.44.50:673][  0]LogConfig: Setting CVar [[r.BloomQuality:5]]
[2020.07.08-13.44.50:673][  0]LogConfig: Setting CVar [[r.FastBlurThreshold:100]]
[2020.07.08-13.44.50:673][  0]LogConfig: Setting CVar [[r.Upscale.Quality:3]]
[2020.07.08-13.44.50:673][  0]LogConfig: Setting CVar [[r.Tonemapper.GrainQuantization:1]]
[2020.07.08-13.44.50:673][  0]LogConfig: Setting CVar [[r.LightShaftQuality:1]]
[2020.07.08-13.44.50:673][  0]LogConfig: Setting CVar [[r.Filter.SizeScale:1]]
[2020.07.08-13.44.50:673][  0]LogConfig: Setting CVar [[r.Tonemapper.Quality:5]]
[2020.07.08-13.44.50:673][  0]LogConfig: Setting CVar [[r.DOF.Gather.AccumulatorQuality:1        ; higher gathering accumulator quality]]
[2020.07.08-13.44.50:673][  0]LogConfig: Setting CVar [[r.DOF.Gather.PostfilterMethod:1          ; Median3x3 postfilering method]]
[2020.07.08-13.44.50:673][  0]LogConfig: Setting CVar [[r.DOF.Gather.EnableBokehSettings:0       ; no bokeh simulation when gathering]]
[2020.07.08-13.44.50:673][  0]LogConfig: Setting CVar [[r.DOF.Gather.RingCount:4                 ; medium number of samples when gathering]]
[2020.07.08-13.44.50:673][  0]LogConfig: Setting CVar [[r.DOF.Scatter.ForegroundCompositing:1    ; additive foreground scattering]]
[2020.07.08-13.44.50:673][  0]LogConfig: Setting CVar [[r.DOF.Scatter.BackgroundCompositing:2    ; additive background scattering]]
[2020.07.08-13.44.50:673][  0]LogConfig: Setting CVar [[r.DOF.Scatter.EnableBokehSettings:1      ; bokeh simulation when scattering]]
[2020.07.08-13.44.50:673][  0]LogConfig: Setting CVar [[r.DOF.Scatter.MaxSpriteRatio:0.1         ; only a maximum of 10% of scattered bokeh]]
[2020.07.08-13.44.50:673][  0]LogConfig: Setting CVar [[r.DOF.Recombine.Quality:1                ; cheap slight out of focus]]
[2020.07.08-13.44.50:673][  0]LogConfig: Setting CVar [[r.DOF.Recombine.EnableBokehSettings:0    ; no bokeh simulation on slight out of focus]]
[2020.07.08-13.44.50:674][  0]LogConfig: Setting CVar [[r.DOF.TemporalAAQuality:1                ; more stable temporal accumulation]]
[2020.07.08-13.44.50:674][  0]LogConfig: Setting CVar [[r.DOF.Kernel.MaxForegroundRadius:0.025]]
[2020.07.08-13.44.50:674][  0]LogConfig: Setting CVar [[r.DOF.Kernel.MaxBackgroundRadius:0.025]]
[2020.07.08-13.44.50:674][  0]LogConfig: Applying CVar settings from Section [TextureQuality@3] File [C:/Users/User/Documents/Unreal Projects/Snake/Saved/Config/Windows/Scalability.ini]
[2020.07.08-13.44.50:674][  0]LogConfig: Setting CVar [[r.Streaming.MipBias:0]]
[2020.07.08-13.44.50:674][  0]LogConfig: Setting CVar [[r.Streaming.AmortizeCPUToGPUCopy:0]]
[2020.07.08-13.44.50:674][  0]LogConfig: Setting CVar [[r.Streaming.MaxNumTexturesToStreamPerFrame:0]]
[2020.07.08-13.44.50:674][  0]LogConfig: Setting CVar [[r.Streaming.Boost:1]]
[2020.07.08-13.44.50:674][  0]LogConfig: Setting CVar [[r.MaxAnisotropy:8]]
[2020.07.08-13.44.50:674][  0]LogConfig: Setting CVar [[r.VT.MaxAnisotropy:8]]
[2020.07.08-13.44.50:674][  0]LogConfig: Setting CVar [[r.Streaming.LimitPoolSizeToVRAM:0]]
[2020.07.08-13.44.50:674][  0]LogConfig: Setting CVar [[r.Streaming.PoolSize:1000]]
[2020.07.08-13.44.50:674][  0]LogConfig: Setting CVar [[r.Streaming.MaxEffectiveScreenSize:0]]
[2020.07.08-13.44.50:674][  0]LogConfig: Applying CVar settings from Section [EffectsQuality@3] File [C:/Users/User/Documents/Unreal Projects/Snake/Saved/Config/Windows/Scalability.ini]
[2020.07.08-13.44.50:674][  0]LogConfig: Setting CVar [[r.TranslucencyLightingVolumeDim:64]]
[2020.07.08-13.44.50:674][  0]LogConfig: Setting CVar [[r.RefractionQuality:2]]
[2020.07.08-13.44.50:674][  0]LogConfig: Setting CVar [[r.SSR.Quality:3]]
[2020.07.08-13.44.50:674][  0]LogConfig: Setting CVar [[r.SSR.HalfResSceneColor:0]]
[2020.07.08-13.44.50:674][  0]LogConfig: Setting CVar [[r.SceneColorFormat:4]]
[2020.07.08-13.44.50:674][  0]LogConfig: Setting CVar [[r.DetailMode:2]]
[2020.07.08-13.44.50:674][  0]LogConfig: Setting CVar [[r.TranslucencyVolumeBlur:1]]
[2020.07.08-13.44.50:674][  0]LogConfig: Setting CVar [[r.MaterialQualityLevel:1 ; High quality]]
[2020.07.08-13.44.50:674][  0]LogConfig: Setting CVar [[r.SSS.Scale:1]]
[2020.07.08-13.44.50:674][  0]LogConfig: Setting CVar [[r.SSS.SampleSet:2]]
[2020.07.08-13.44.50:674][  0]LogConfig: Setting CVar [[r.SSS.Quality:1]]
[2020.07.08-13.44.50:674][  0]LogConfig: Setting CVar [[r.SSS.HalfRes:0]]
[2020.07.08-13.44.50:674][  0]LogConfig: Setting CVar [[r.SSGI.Quality:3]]
[2020.07.08-13.44.50:674][  0]LogConfig: Setting CVar [[r.EmitterSpawnRateScale:1.0]]
[2020.07.08-13.44.50:674][  0]LogConfig: Setting CVar [[r.ParticleLightQuality:2]]
[2020.07.08-13.44.50:675][  0]LogConfig: Setting CVar [[r.SkyAtmosphere.AerialPerspectiveLUT.FastApplyOnOpaque:1 ; Always have FastSkyLUT 1 in this case to avoid wrong sky]]
[2020.07.08-13.44.50:675][  0]LogConfig: Setting CVar [[r.SkyAtmosphere.AerialPerspectiveLUT.SampleCountPerSlice:1]]
[2020.07.08-13.44.50:675][  0]LogConfig: Setting CVar [[r.SkyAtmosphere.AerialPerspectiveLUT.DepthResolution:16.0]]
[2020.07.08-13.44.50:675][  0]LogConfig: Setting CVar [[r.SkyAtmosphere.FastSkyLUT:1]]
[2020.07.08-13.44.50:675][  0]LogConfig: Setting CVar [[r.SkyAtmosphere.FastSkyLUT.SampleCountMin:4.0]]
[2020.07.08-13.44.50:675][  0]LogConfig: Setting CVar [[r.SkyAtmosphere.FastSkyLUT.SampleCountMax:32.0]]
[2020.07.08-13.44.50:675][  0]LogConfig: Setting CVar [[r.SkyAtmosphere.SampleCountMin:4.0]]
[2020.07.08-13.44.50:675][  0]LogConfig: Setting CVar [[r.SkyAtmosphere.SampleCountMax:32.0]]
[2020.07.08-13.44.50:675][  0]LogConfig: Setting CVar [[r.SkyAtmosphere.TransmittanceLUT.UseSmallFormat:0]]
[2020.07.08-13.44.50:675][  0]LogConfig: Setting CVar [[r.SkyAtmosphere.TransmittanceLUT.SampleCount:10.0]]
[2020.07.08-13.44.50:675][  0]LogConfig: Setting CVar [[r.SkyAtmosphere.MultiScatteringLUT.SampleCount:15.0]]
[2020.07.08-13.44.50:675][  0]LogConfig: Applying CVar settings from Section [FoliageQuality@3] File [C:/Users/User/Documents/Unreal Projects/Snake/Saved/Config/Windows/Scalability.ini]
[2020.07.08-13.44.50:675][  0]LogConfig: Setting CVar [[foliage.DensityScale:1.0]]
[2020.07.08-13.44.50:675][  0]LogConfig: Setting CVar [[grass.DensityScale:1.0]]
[2020.07.08-13.44.50:675][  0]LogConfig: Applying CVar settings from Section [ShadingQuality@3] File [C:/Users/User/Documents/Unreal Projects/Snake/Saved/Config/Windows/Scalability.ini]
[2020.07.08-13.44.50:675][  0]LogConfig: Setting CVar [[r.HairStrands.SkyLighting.SampleCount:16]]
[2020.07.08-13.44.50:675][  0]LogConfig: Setting CVar [[r.HairStrands.SkyLighting.JitterIntegration:0]]
[2020.07.08-13.44.50:675][  0]LogConfig: Setting CVar [[r.HairStrands.SkyAO.SampleCount:16]]
[2020.07.08-13.44.50:675][  0]LogConfig: Setting CVar [[r.HairStrands.DeepShadow.SuperSampling:0]]
[2020.07.08-13.44.50:675][  0]LogConfig: Setting CVar [[r.HairStrands.VisibilityPPLL:0]]
[2020.07.08-13.44.50:675][  0]LogConfig: Setting CVar [[r.HairStrands.RasterizationScale:0.5]]
[2020.07.08-13.44.50:675][  0]LogConfig: Setting CVar [[r.HairStrands.VelocityRasterizationScale:1]]
[2020.07.08-13.44.50:677][  0]LogInit: Selected Device Profile: [Windows]
[2020.07.08-13.44.50:677][  0]LogInit: Applying CVar settings loaded from the selected device profile: [Windows]
[2020.07.08-13.44.50:678][  0]LogHAL: Display: Platform has ~ 8 GB [8458571776 / 8589934592 / 8], which maps to Default [LargestMinGB=32, LargerMinGB=12, DefaultMinGB=8, SmallerMinGB=6, SmallestMinGB=0)
[2020.07.08-13.44.50:678][  0]LogInit: Going up to parent DeviceProfile []
[2020.07.08-13.44.50:678][  0]LogConfig: Applying CVar settings from Section [ViewDistanceQuality@3] File [C:/Users/User/Documents/Unreal Projects/Snake/Saved/Config/Windows/Scalability.ini]
[2020.07.08-13.44.50:678][  0]LogConfig: Setting CVar [[r.SkeletalMeshLODBias:0]]
[2020.07.08-13.44.50:678][  0]LogConfig: Setting CVar [[r.ViewDistanceScale:1.0]]
[2020.07.08-13.44.50:678][  0]LogConfig: Applying CVar settings from Section [AntiAliasingQuality@3] File [C:/Users/User/Documents/Unreal Projects/Snake/Saved/Config/Windows/Scalability.ini]
[2020.07.08-13.44.50:678][  0]LogConfig: Setting CVar [[r.PostProcessAAQuality:4]]
[2020.07.08-13.44.50:678][  0]LogConfig: Applying CVar settings from Section [ShadowQuality@3] File [C:/Users/User/Documents/Unreal Projects/Snake/Saved/Config/Windows/Scalability.ini]
[2020.07.08-13.44.50:678][  0]LogConfig: Setting CVar [[r.LightFunctionQuality:1]]
[2020.07.08-13.44.50:678][  0]LogConfig: Setting CVar [[r.ShadowQuality:5]]
[2020.07.08-13.44.50:679][  0]LogConfig: Setting CVar [[r.Shadow.CSM.MaxCascades:10]]
[2020.07.08-13.44.50:679][  0]LogConfig: Setting CVar [[r.Shadow.MaxResolution:2048]]
[2020.07.08-13.44.50:679][  0]LogConfig: Setting CVar [[r.Shadow.MaxCSMResolution:2048]]
[2020.07.08-13.44.50:679][  0]LogConfig: Setting CVar [[r.Shadow.RadiusThreshold:0.01]]
[2020.07.08-13.44.50:679][  0]LogConfig: Setting CVar [[r.Shadow.DistanceScale:1.0]]
[2020.07.08-13.44.50:679][  0]LogConfig: Setting CVar [[r.Shadow.CSM.TransitionScale:1.0]]
[2020.07.08-13.44.50:679][  0]LogConfig: Setting CVar [[r.Shadow.PreShadowResolutionFactor:1.0]]
[2020.07.08-13.44.50:679][  0]LogConfig: Setting CVar [[r.DistanceFieldShadowing:1]]
[2020.07.08-13.44.50:679][  0]LogConfig: Setting CVar [[r.DistanceFieldAO:1]]
[2020.07.08-13.44.50:679][  0]LogConfig: Setting CVar [[r.AOQuality:2]]
[2020.07.08-13.44.50:679][  0]LogConfig: Setting CVar [[r.VolumetricFog:1]]
[2020.07.08-13.44.50:679][  0]LogConfig: Setting CVar [[r.VolumetricFog.GridPixelSize:8]]
[2020.07.08-13.44.50:679][  0]LogConfig: Setting CVar [[r.VolumetricFog.GridSizeZ:128]]
[2020.07.08-13.44.50:679][  0]LogConfig: Setting CVar [[r.VolumetricFog.HistoryMissSupersampleCount:4]]
[2020.07.08-13.44.50:679][  0]LogConfig: Setting CVar [[r.LightMaxDrawDistanceScale:1]]
[2020.07.08-13.44.50:679][  0]LogConfig: Setting CVar [[r.CapsuleShadows:1]]
[2020.07.08-13.44.50:679][  0]LogConfig: Applying CVar settings from Section [PostProcessQuality@3] File [C:/Users/User/Documents/Unreal Projects/Snake/Saved/Config/Windows/Scalability.ini]
[2020.07.08-13.44.50:679][  0]LogConfig: Setting CVar [[r.MotionBlurQuality:4]]
[2020.07.08-13.44.50:679][  0]LogConfig: Setting CVar [[r.AmbientOcclusionMipLevelFactor:0.4]]
[2020.07.08-13.44.50:679][  0]LogConfig: Setting CVar [[r.AmbientOcclusionMaxQuality:100]]
[2020.07.08-13.44.50:679][  0]LogConfig: Setting CVar [[r.AmbientOcclusionLevels:-1]]
[2020.07.08-13.44.50:679][  0]LogConfig: Setting CVar [[r.AmbientOcclusionRadiusScale:1.0]]
[2020.07.08-13.44.50:679][  0]LogConfig: Setting CVar [[r.DepthOfFieldQuality:2]]
[2020.07.08-13.44.50:679][  0]LogConfig: Setting CVar [[r.RenderTargetPoolMin:400]]
[2020.07.08-13.44.50:679][  0]LogConfig: Setting CVar [[r.LensFlareQuality:2]]
[2020.07.08-13.44.50:679][  0]LogConfig: Setting CVar [[r.SceneColorFringeQuality:1]]
[2020.07.08-13.44.50:679][  0]LogConfig: Setting CVar [[r.EyeAdaptationQuality:2]]
[2020.07.08-13.44.50:679][  0]LogConfig: Setting CVar [[r.BloomQuality:5]]
[2020.07.08-13.44.50:679][  0]LogConfig: Setting CVar [[r.FastBlurThreshold:100]]
[2020.07.08-13.44.50:679][  0]LogConfig: Setting CVar [[r.Upscale.Quality:3]]
[2020.07.08-13.44.50:679][  0]LogConfig: Setting CVar [[r.Tonemapper.GrainQuantization:1]]
[2020.07.08-13.44.50:679][  0]LogConfig: Setting CVar [[r.LightShaftQuality:1]]
[2020.07.08-13.44.50:679][  0]LogConfig: Setting CVar [[r.Filter.SizeScale:1]]
[2020.07.08-13.44.50:679][  0]LogConfig: Setting CVar [[r.Tonemapper.Quality:5]]
[2020.07.08-13.44.50:679][  0]LogConfig: Setting CVar [[r.DOF.Gather.AccumulatorQuality:1        ; higher gathering accumulator quality]]
[2020.07.08-13.44.50:679][  0]LogConfig: Setting CVar [[r.DOF.Gather.PostfilterMethod:1          ; Median3x3 postfilering method]]
[2020.07.08-13.44.50:679][  0]LogConfig: Setting CVar [[r.DOF.Gather.EnableBokehSettings:0       ; no bokeh simulation when gathering]]
[2020.07.08-13.44.50:679][  0]LogConfig: Setting CVar [[r.DOF.Gather.RingCount:4                 ; medium number of samples when gathering]]
[2020.07.08-13.44.50:679][  0]LogConfig: Setting CVar [[r.DOF.Scatter.ForegroundCompositing:1    ; additive foreground scattering]]
[2020.07.08-13.44.50:680][  0]LogConfig: Setting CVar [[r.DOF.Scatter.BackgroundCompositing:2    ; additive background scattering]]
[2020.07.08-13.44.50:680][  0]LogConfig: Setting CVar [[r.DOF.Scatter.EnableBokehSettings:1      ; bokeh simulation when scattering]]
[2020.07.08-13.44.50:680][  0]LogConfig: Setting CVar [[r.DOF.Scatter.MaxSpriteRatio:0.1         ; only a maximum of 10% of scattered bokeh]]
[2020.07.08-13.44.50:680][  0]LogConfig: Setting CVar [[r.DOF.Recombine.Quality:1                ; cheap slight out of focus]]
[2020.07.08-13.44.50:680][  0]LogConfig: Setting CVar [[r.DOF.Recombine.EnableBokehSettings:0    ; no bokeh simulation on slight out of focus]]
[2020.07.08-13.44.50:680][  0]LogConfig: Setting CVar [[r.DOF.TemporalAAQuality:1                ; more stable temporal accumulation]]
[2020.07.08-13.44.50:680][  0]LogConfig: Setting CVar [[r.DOF.Kernel.MaxForegroundRadius:0.025]]
[2020.07.08-13.44.50:680][  0]LogConfig: Setting CVar [[r.DOF.Kernel.MaxBackgroundRadius:0.025]]
[2020.07.08-13.44.50:680][  0]LogConfig: Applying CVar settings from Section [TextureQuality@3] File [C:/Users/User/Documents/Unreal Projects/Snake/Saved/Config/Windows/Scalability.ini]
[2020.07.08-13.44.50:680][  0]LogConfig: Setting CVar [[r.Streaming.MipBias:0]]
[2020.07.08-13.44.50:680][  0]LogConfig: Setting CVar [[r.Streaming.AmortizeCPUToGPUCopy:0]]
[2020.07.08-13.44.50:680][  0]LogConfig: Setting CVar [[r.Streaming.MaxNumTexturesToStreamPerFrame:0]]
[2020.07.08-13.44.50:680][  0]LogConfig: Setting CVar [[r.Streaming.Boost:1]]
[2020.07.08-13.44.50:680][  0]LogConfig: Setting CVar [[r.MaxAnisotropy:8]]
[2020.07.08-13.44.50:680][  0]LogConfig: Setting CVar [[r.VT.MaxAnisotropy:8]]
[2020.07.08-13.44.50:680][  0]LogConfig: Setting CVar [[r.Streaming.LimitPoolSizeToVRAM:0]]
[2020.07.08-13.44.50:680][  0]LogConfig: Setting CVar [[r.Streaming.PoolSize:1000]]
[2020.07.08-13.44.50:680][  0]LogConfig: Setting CVar [[r.Streaming.MaxEffectiveScreenSize:0]]
[2020.07.08-13.44.50:680][  0]LogConfig: Applying CVar settings from Section [EffectsQuality@3] File [C:/Users/User/Documents/Unreal Projects/Snake/Saved/Config/Windows/Scalability.ini]
[2020.07.08-13.44.50:680][  0]LogConfig: Setting CVar [[r.TranslucencyLightingVolumeDim:64]]
[2020.07.08-13.44.50:680][  0]LogConfig: Setting CVar [[r.RefractionQuality:2]]
[2020.07.08-13.44.50:680][  0]LogConfig: Setting CVar [[r.SSR.Quality:3]]
[2020.07.08-13.44.50:680][  0]LogConfig: Setting CVar [[r.SSR.HalfResSceneColor:0]]
[2020.07.08-13.44.50:680][  0]LogConfig: Setting CVar [[r.SceneColorFormat:4]]
[2020.07.08-13.44.50:680][  0]LogConfig: Setting CVar [[r.DetailMode:2]]
[2020.07.08-13.44.50:681][  0]LogConfig: Setting CVar [[r.TranslucencyVolumeBlur:1]]
[2020.07.08-13.44.50:681][  0]LogConfig: Setting CVar [[r.MaterialQualityLevel:1 ; High quality]]
[2020.07.08-13.44.50:681][  0]LogConfig: Setting CVar [[r.SSS.Scale:1]]
[2020.07.08-13.44.50:681][  0]LogConfig: Setting CVar [[r.SSS.SampleSet:2]]
[2020.07.08-13.44.50:681][  0]LogConfig: Setting CVar [[r.SSS.Quality:1]]
[2020.07.08-13.44.50:681][  0]LogConfig: Setting CVar [[r.SSS.HalfRes:0]]
[2020.07.08-13.44.50:681][  0]LogConfig: Setting CVar [[r.SSGI.Quality:3]]
[2020.07.08-13.44.50:681][  0]LogConfig: Setting CVar [[r.EmitterSpawnRateScale:1.0]]
[2020.07.08-13.44.50:681][  0]LogConfig: Setting CVar [[r.ParticleLightQuality:2]]
[2020.07.08-13.44.50:681][  0]LogConfig: Setting CVar [[r.SkyAtmosphere.AerialPerspectiveLUT.FastApplyOnOpaque:1 ; Always have FastSkyLUT 1 in this case to avoid wrong sky]]
[2020.07.08-13.44.50:681][  0]LogConfig: Setting CVar [[r.SkyAtmosphere.AerialPerspectiveLUT.SampleCountPerSlice:1]]
[2020.07.08-13.44.50:681][  0]LogConfig: Setting CVar [[r.SkyAtmosphere.AerialPerspectiveLUT.DepthResolution:16.0]]
[2020.07.08-13.44.50:681][  0]LogConfig: Setting CVar [[r.SkyAtmosphere.FastSkyLUT:1]]
[2020.07.08-13.44.50:681][  0]LogConfig: Setting CVar [[r.SkyAtmosphere.FastSkyLUT.SampleCountMin:4.0]]
[2020.07.08-13.44.50:681][  0]LogConfig: Setting CVar [[r.SkyAtmosphere.FastSkyLUT.SampleCountMax:32.0]]
[2020.07.08-13.44.50:681][  0]LogConfig: Setting CVar [[r.SkyAtmosphere.SampleCountMin:4.0]]
[2020.07.08-13.44.50:681][  0]LogConfig: Setting CVar [[r.SkyAtmosphere.SampleCountMax:32.0]]
[2020.07.08-13.44.50:681][  0]LogConfig: Setting CVar [[r.SkyAtmosphere.TransmittanceLUT.UseSmallFormat:0]]
[2020.07.08-13.44.50:681][  0]LogConfig: Setting CVar [[r.SkyAtmosphere.TransmittanceLUT.SampleCount:10.0]]
[2020.07.08-13.44.50:681][  0]LogConfig: Setting CVar [[r.SkyAtmosphere.MultiScatteringLUT.SampleCount:15.0]]
[2020.07.08-13.44.50:681][  0]LogConfig: Applying CVar settings from Section [FoliageQuality@3] File [C:/Users/User/Documents/Unreal Projects/Snake/Saved/Config/Windows/Scalability.ini]
[2020.07.08-13.44.50:681][  0]LogConfig: Setting CVar [[foliage.DensityScale:1.0]]
[2020.07.08-13.44.50:681][  0]LogConfig: Setting CVar [[grass.DensityScale:1.0]]
[2020.07.08-13.44.50:681][  0]LogConfig: Applying CVar settings from Section [ShadingQuality@3] File [C:/Users/User/Documents/Unreal Projects/Snake/Saved/Config/Windows/Scalability.ini]
[2020.07.08-13.44.50:682][  0]LogConfig: Setting CVar [[r.HairStrands.SkyLighting.SampleCount:16]]
[2020.07.08-13.44.50:682][  0]LogConfig: Setting CVar [[r.HairStrands.SkyLighting.JitterIntegration:0]]
[2020.07.08-13.44.50:682][  0]LogConfig: Setting CVar [[r.HairStrands.SkyAO.SampleCount:16]]
[2020.07.08-13.44.50:682][  0]LogConfig: Setting CVar [[r.HairStrands.DeepShadow.SuperSampling:0]]
[2020.07.08-13.44.50:682][  0]LogConfig: Setting CVar [[r.HairStrands.VisibilityPPLL:0]]
[2020.07.08-13.44.50:682][  0]LogConfig: Setting CVar [[r.HairStrands.RasterizationScale:0.5]]
[2020.07.08-13.44.50:682][  0]LogConfig: Setting CVar [[r.HairStrands.VelocityRasterizationScale:1]]
[2020.07.08-13.44.50:682][  0]LogConfig: Applying CVar settings from Section [Startup] File [../../../Engine/Config/ConsoleVariables.ini]
[2020.07.08-13.44.50:683][  0]LogConfig: Setting CVar [[net.UseAdaptiveNetUpdateFrequency:0]]
[2020.07.08-13.44.50:683][  0]LogConfig: Setting CVar [[p.chaos.AllowCreatePhysxBodies:1]]
[2020.07.08-13.44.50:683][  0]LogConfig: Setting CVar [[fx.SkipVectorVMBackendOptimizations:1]]
[2020.07.08-13.44.50:683][  0]LogConfig: Applying CVar settings from Section [ConsoleVariables] File [C:/Users/User/Documents/Unreal Projects/Snake/Saved/Config/Windows/Engine.ini]
[2020.07.08-13.44.50:685][  0]LogInit: Computer: DESKTOP-3RESKSL
[2020.07.08-13.44.50:685][  0]LogInit: User: User
[2020.07.08-13.44.50:685][  0]LogInit: CPU Page size=4096, Cores=2
[2020.07.08-13.44.50:685][  0]LogInit: High frequency timer resolution =10.000000 MHz
[2020.07.08-13.44.50:686][  0]LogMemory: Memory total: Physical=7.9GB (8GB approx)
[2020.07.08-13.44.50:686][  0]LogMemory: Platform Memory Stats for Windows
[2020.07.08-13.44.50:686][  0]LogMemory: Process Physical Memory: 112.63 MB used, 112.63 MB peak
[2020.07.08-13.44.50:686][  0]LogMemory: Process Virtual Memory: 95.32 MB used, 95.32 MB peak
[2020.07.08-13.44.50:686][  0]LogMemory: Physical Memory: 7555.82 MB used,  510.91 MB free, 8066.72 MB total
[2020.07.08-13.44.50:686][  0]LogMemory: Virtual Memory: 5124.41 MB used,  134212600.00 MB free, 134217728.00 MB total
[2020.07.08-13.44.50:700][  0]LogWindows: WindowsPlatformFeatures enabled
[2020.07.08-13.44.51:262][  0]LogInit: Physics initialised using underlying interface: PhysX
[2020.07.08-13.44.51:265][  0]LogInit: Using OS detected language (en-US).
[2020.07.08-13.44.51:266][  0]LogInit: Using OS detected locale (en-US).
[2020.07.08-13.44.51:302][  0]LogTextLocalizationManager: No specific localization for 'en-US' exists, so the 'en' localization will be used.
[2020.07.08-13.44.52:150][  0]LogInit: Setting process to per monitor DPI aware
[2020.07.08-13.44.52:369][  0]LogSlate: New Slate User Created.  User Index 0, Is Virtual User: 0
[2020.07.08-13.44.52:369][  0]LogSlate: Slate User Registered.  User Index 0, Is Virtual User: 0
[2020.07.08-13.45.00:185][  0]LogHMD: Failed to initialize OpenVR with code 110
[2020.07.08-13.45.00:185][  0]LogD3D11RHI: D3D11 min allowed feature level: 11_0
[2020.07.08-13.45.00:185][  0]LogD3D11RHI: D3D11 max allowed feature level: 11_0
[2020.07.08-13.45.00:185][  0]LogD3D11RHI: D3D11 adapters:
[2020.07.08-13.45.00:342][  0]LogD3D11RHI:    0. 'NVIDIA GeForce 940MX' (Feature Level 11_0)
[2020.07.08-13.45.00:342][  0]LogD3D11RHI:       4055/0/4033 MB DedicatedVideo/DedicatedSystem/SharedSystem, Outputs:1, VendorId:0x10de
[2020.07.08-13.45.00:385][  0]LogD3D11RHI:    1. 'Intel(R) HD Graphics 620' (Feature Level 11_0)
[2020.07.08-13.45.00:385][  0]LogD3D11RHI:       128/0/4033 MB DedicatedVideo/DedicatedSystem/SharedSystem, Outputs:0, VendorId:0x8086
[2020.07.08-13.45.00:405][  0]LogD3D11RHI:    2. 'Microsoft Basic Render Driver' (Feature Level 11_0)
[2020.07.08-13.45.00:405][  0]LogD3D11RHI:       0/0/4033 MB DedicatedVideo/DedicatedSystem/SharedSystem, Outputs:0, VendorId:0x1414
[2020.07.08-13.45.00:405][  0]LogD3D11RHI: Chosen D3D11 Adapter: 0
[2020.07.08-13.45.00:474][  0]LogD3D11RHI: Creating new Direct3DDevice
[2020.07.08-13.45.00:474][  0]LogD3D11RHI:     GPU DeviceId: 0x134d (for the marketing name, search the web for "GPU Device Id")
[2020.07.08-13.45.00:474][  0]LogWindows: EnumDisplayDevices:
[2020.07.08-13.45.00:474][  0]LogWindows:    0. 'Intel(R) HD Graphics 620' (P:1 D:1)
[2020.07.08-13.45.00:475][  0]LogWindows:    1. 'Intel(R) HD Graphics 620' (P:0 D:0)
[2020.07.08-13.45.00:476][  0]LogWindows:    2. 'Intel(R) HD Graphics 620' (P:0 D:0)
[2020.07.08-13.45.00:476][  0]LogWindows: DebugString: PrimaryIsNotTheChoosenAdapter PrimaryIsNotTheChoosenAdapter PrimaryIsNotTheChoosenAdapter FoundDriverCount:0 
[2020.07.08-13.45.00:476][  0]LogD3D11RHI:     Adapter Name: NVIDIA GeForce 940MX
[2020.07.08-13.45.00:476][  0]LogD3D11RHI:   Driver Version: Unknown (internal:Unknown, unified:Unknown)
[2020.07.08-13.45.00:476][  0]LogD3D11RHI:      Driver Date: Unknown
[2020.07.08-13.45.00:476][  0]LogRHI: Texture pool is 2839 MB (70% of 4055 MB)
[2020.07.08-13.45.00:572][  0]LogD3D11RHI: RHI has support for 64 bit atomics
[2020.07.08-13.45.00:587][  0]LogD3D11RHI: [Aftermath] Enabled and primed
[2020.07.08-13.45.00:587][  0]LogD3D11RHI: Async texture creation enabled
[2020.07.08-13.45.00:658][  0]LogD3D11RHI: GPU Timing Frequency: 1000.000000 (Debug: 2 1)
[2020.07.08-13.45.02:241][  0]LogTargetPlatformManager: Display: Loaded TargetPlatform 'AllDesktop'
[2020.07.08-13.45.02:299][  0]LogTargetPlatformManager: Display: Loaded TargetPlatform 'Android'
[2020.07.08-13.45.02:299][  0]LogTargetPlatformManager: Display: Loaded TargetPlatform 'Android_ASTC'
[2020.07.08-13.45.02:299][  0]LogTargetPlatformManager: Display: Loaded TargetPlatform 'Android_DXT'
[2020.07.08-13.45.02:299][  0]LogTargetPlatformManager: Display: Loaded TargetPlatform 'Android_ETC2'
[2020.07.08-13.45.02:299][  0]LogTargetPlatformManager: Display: Loaded TargetPlatform 'AndroidClient'
[2020.07.08-13.45.02:299][  0]LogTargetPlatformManager: Display: Loaded TargetPlatform 'Android_ASTCClient'
[2020.07.08-13.45.02:299][  0]LogTargetPlatformManager: Display: Loaded TargetPlatform 'Android_DXTClient'
[2020.07.08-13.45.02:299][  0]LogTargetPlatformManager: Display: Loaded TargetPlatform 'Android_ETC2Client'
[2020.07.08-13.45.02:299][  0]LogTargetPlatformManager: Display: Loaded TargetPlatform 'Android_Multi'
[2020.07.08-13.45.02:299][  0]LogTargetPlatformManager: Display: Loaded TargetPlatform 'Android_MultiClient'
[2020.07.08-13.45.02:377][  0]LogTargetPlatformManager: Display: Loaded TargetPlatform 'IOSClient'
[2020.07.08-13.45.02:377][  0]LogTargetPlatformManager: Display: Loaded TargetPlatform 'IOS'
[2020.07.08-13.45.02:428][  0]LogTargetPlatformManager: Display: Loaded TargetPlatform 'Linux'
[2020.07.08-13.45.02:454][  0]LogTargetPlatformManager: Display: Loaded TargetPlatform 'LinuxNoEditor'
[2020.07.08-13.45.02:478][  0]LogTargetPlatformManager: Display: Loaded TargetPlatform 'LinuxClient'
[2020.07.08-13.45.02:501][  0]LogTargetPlatformManager: Display: Loaded TargetPlatform 'LinuxServer'
[2020.07.08-13.45.02:526][  0]LogTargetPlatformManager: Display: Loaded TargetPlatform 'LinuxAArch64NoEditor'
[2020.07.08-13.45.02:549][  0]LogTargetPlatformManager: Display: Loaded TargetPlatform 'LinuxAArch64Client'
[2020.07.08-13.45.02:576][  0]LogTargetPlatformManager: Display: Loaded TargetPlatform 'LinuxAArch64Server'
[2020.07.08-13.45.02:654][  0]LogTargetPlatformManager: Display: Loaded TargetPlatform 'Lumin'
[2020.07.08-13.45.02:654][  0]LogTargetPlatformManager: Display: Loaded TargetPlatform 'LuminClient'
[2020.07.08-13.45.02:688][  0]LogTargetPlatformManager: Display: Loaded TargetPlatform 'TVOSClient'
[2020.07.08-13.45.02:688][  0]LogTargetPlatformManager: Display: Loaded TargetPlatform 'TVOS'
[2020.07.08-13.45.02:708][  0]LogTargetPlatformManager: Display: Loaded TargetPlatform 'WindowsNoEditor'
[2020.07.08-13.45.02:732][  0]LogTargetPlatformManager: Display: Loaded TargetPlatform 'Windows'
[2020.07.08-13.45.02:754][  0]LogTargetPlatformManager: Display: Loaded TargetPlatform 'WindowsClient'
[2020.07.08-13.45.02:782][  0]LogTargetPlatformManager: Display: Loaded TargetPlatform 'WindowsServer'
[2020.07.08-13.45.02:782][  0]LogTargetPlatformManager: Display: Building Assets For Windows
[2020.07.08-13.45.02:906][  0]LogAudioDebug: Display: Lib vorbis DLL was dynamically loaded.
[2020.07.08-13.45.03:189][  0]LogShaderCompilers: Guid format shader working directory is -15 characters bigger than the processId version (../../../../../../Users/User/Documents/Unreal Projects/Snake/Intermediate/Shaders/WorkingDirectory/6536/).
[2020.07.08-13.45.03:189][  0]LogShaderCompilers: Cleaned the shader compiler working directory 'C:/Users/User/AppData/Local/Temp/UnrealShaderWorkingDir/6DCC60D041276372BEE794A4A27CFC8A/'.
[2020.07.08-13.45.03:193][  0]LogXGEController: Cannot use XGE Controller as Incredibuild is not installed on this machine.
[2020.07.08-13.45.03:193][  0]LogShaderCompilers: Cannot use XGE Shader Compiler as Incredibuild is not installed on this machine.
[2020.07.08-13.45.03:193][  0]LogShaderCompilers: Display: Using Local Shader Compiler.
[2020.07.08-13.45.11:314][  0]LogDerivedDataCache: Display: Max Cache Size: 512 MB
[2020.07.08-13.45.11:790][  0]LogDerivedDataCache: Loaded boot cache 0.48s 75MB C:/Users/User/AppData/Local/UnrealEngine/4.25/DerivedDataCache/Boot.ddc.
[2020.07.08-13.45.11:790][  0]LogDerivedDataCache: Display: Loaded Boot cache: C:/Users/User/AppData/Local/UnrealEngine/4.25/DerivedDataCache/Boot.ddc
[2020.07.08-13.45.11:792][  0]LogDerivedDataCache: FDerivedDataBackendGraph:  Pak pak cache file ../../../../../../Users/User/Documents/Unreal Projects/Snake/DerivedDataCache/DDC.ddp not found, will not use a pak cache.
[2020.07.08-13.45.11:792][  0]LogDerivedDataCache: Unable to find inner node Pak for hierarchical cache Hierarchy.
[2020.07.08-13.45.11:792][  0]LogDerivedDataCache: FDerivedDataBackendGraph:  CompressedPak pak cache file ../../../../../../Users/User/Documents/Unreal Projects/Snake/DerivedDataCache/Compressed.ddp not found, will not use a pak cache.
[2020.07.08-13.45.11:792][  0]LogDerivedDataCache: Unable to find inner node CompressedPak for hierarchical cache Hierarchy.
[2020.07.08-13.45.11:844][  0]LogDerivedDataCache: Display: Pak cache opened for reading ../../../Engine/DerivedDataCache/Compressed.ddp.
[2020.07.08-13.45.11:845][  0]LogDerivedDataCache: FDerivedDataBackendGraph:  EnterprisePak pak cache file ../../../Enterprise/DerivedDataCache/Compressed.ddp not found, will not use a pak cache.
[2020.07.08-13.45.11:845][  0]LogDerivedDataCache: Unable to find inner node EnterprisePak for hierarchical cache Hierarchy.
[2020.07.08-13.45.11:849][  0]LogDerivedDataCache: Using Local data cache path C:/Users/User/AppData/Local/UnrealEngine/Common/DerivedDataCache: Writable
[2020.07.08-13.45.11:849][  0]LogDerivedDataCache: Shared data cache path not found in *engine.ini, will not use an Shared cache.
[2020.07.08-13.45.11:849][  0]LogDerivedDataCache: Unable to find inner node Shared for hierarchical cache Hierarchy.
[2020.07.08-13.45.11:993][  0]LogSlate: Using FreeType 2.10.0
[2020.07.08-13.45.12:041][  0]LogSlate: SlateFontServices - WITH_FREETYPE: 1, WITH_HARFBUZZ: 1
[2020.07.08-13.45.12:499][  0]LogAssetRegistry: FAssetRegistry took 0.0084 seconds to start up
[2020.07.08-13.45.13:659][  0]LogInit: Selected Device Profile: [Windows]
[2020.07.08-13.45.14:374][  0]LogMeshReduction: Using QuadricMeshReduction for automatic static mesh reduction
[2020.07.08-13.45.14:374][  0]LogMeshReduction: Using SimplygonMeshReduction for automatic skeletal mesh reduction
[2020.07.08-13.45.14:374][  0]LogMeshReduction: Using ProxyLODMeshReduction for automatic mesh merging
[2020.07.08-13.45.14:374][  0]LogMeshReduction: No distributed automatic mesh merging module available
[2020.07.08-13.45.14:376][  0]LogMeshMerging: No distributed automatic mesh merging module available
[2020.07.08-13.45.14:524][  0]LogNetVersion: Snake 1.0.0, NetCL: 13144385, EngineNetVer: 14, GameNetVer: 0 (Checksum: 4051657591)
[2020.07.08-13.45.20:915][  0]LogAISub: UAISubsystem::UAISubsystem AISubsystem (000001D610335F80), frame # 0
[2020.07.08-13.45.20:915][  0]LogAISub: UAISubsystem::UAISubsystem AIPerceptionSystem (000001D615A75E40), frame # 0
[2020.07.08-13.45.20:924][  0]LogAISub: UAISubsystem::UAISubsystem EnvQueryManager (000001D615AC1C00), frame # 0
[2020.07.08-13.45.21:196][  0]LogPackageLocalizationCache: Processed 19 localized package path(s) for 1 prioritized culture(s) in 0.177305 seconds
[2020.07.08-13.45.21:211][  0]LogUObjectArray: 15917 objects as part of root set at end of initial load.
[2020.07.08-13.45.21:212][  0]LogUObjectAllocator: 3965568 out of 0 bytes used by permanent object pool.
[2020.07.08-13.45.21:212][  0]LogUObjectArray: CloseDisregardForGC: 0/0 objects in disregard for GC pool
[2020.07.08-13.45.23:569][  0]LogTcpMessaging: Initializing TcpMessaging bridge
[2020.07.08-13.45.23:583][  0]LogUdpMessaging: Initializing bridge on interface 0.0.0.0:0 to multicast group 230.0.0.1:6666.
[2020.07.08-13.45.23:782][  0]LogLinker: Warning: Failed to load '/Game/FirstPersonBP/FirstPersonOverview': Can't find file.
[2020.07.08-13.45.23:782][  0]LogLinker: Warning: Failed to load '/Game/FirstPersonBP/FirstPersonOverview': Can't find file.
[2020.07.08-13.45.23:782][  0]LogUObjectGlobals: Warning: Failed to find object 'Class /Game/FirstPersonBP/FirstPersonOverview.FirstPersonOverview_C'
[2020.07.08-13.45.23:898][  0]SourceControl: Source control is disabled
[2020.07.08-13.45.23:899][  0]SourceControl: Source control is disabled
[2020.07.08-13.45.23:919][  0]SourceControl: Source control is disabled
[2020.07.08-13.45.23:932][  0]SourceControl: Source control is disabled
[2020.07.08-13.45.23:959][  0]SourceControl: Source control is disabled
[2020.07.08-13.45.24:968][  0]LogAndroidPermission: UAndroidPermissionCallbackProxy::GetInstance
[2020.07.08-13.45.25:032][  0]LogAudioCaptureCore: Display: No Audio Capture implementations found. Audio input will be silent.
[2020.07.08-13.45.25:032][  0]LogAudioCaptureCore: Display: No Audio Capture implementations found. Audio input will be silent.
[2020.07.08-13.45.25:265][  0]LogOcInput: OculusInput pre-init called
[2020.07.08-13.45.25:304][  0]LogWindows: Failed to load 'OVRPlugin.dll' (GetLastError=126)
[2020.07.08-13.45.25:304][  0]LogWindows: File 'OVRPlugin.dll' does not exist
[2020.07.08-13.45.25:722][  0]LogEngine: Initializing Engine...
[2020.07.08-13.45.25:733][  0]LogHMD: Failed to initialize OpenVR with code 110
[2020.07.08-13.45.25:733][  0]LogMagicLeap: Warning: VR disabled because ZI is not enabled.  To enable, in the editor, Edit -> Project Settings -> Plugins -> Magic Leap Plugin -> Enable Zero Iteration
[2020.07.08-13.45.25:740][  0]LogStats: UGameplayTagsManager::InitializeManager -  0.002 s
[2020.07.08-13.45.26:852][  0]LogInit: Initializing FReadOnlyCVARCache
[2020.07.08-13.45.27:019][  0]LogAIModule: Creating AISystem for world Untitled
[2020.07.08-13.45.27:022][  0]LogAISub: UAISubsystem::UAISubsystem EnvQueryManager (000001D619484600), frame # 0
[2020.07.08-13.45.27:024][  0]LogAISub: UAISubsystem::UAISubsystem AIPerceptionSystem (000001D6194A5440), frame # 0
[2020.07.08-13.45.27:059][  0]LogAudioMixer: Display: Audio Mixer Platform Settings:
[2020.07.08-13.45.27:059][  0]LogAudioMixer: Display: 	Sample Rate:						  48000
[2020.07.08-13.45.27:059][  0]LogAudioMixer: Display: 	Callback Buffer Frame Size Requested: 1024
[2020.07.08-13.45.27:059][  0]LogAudioMixer: Display: 	Callback Buffer Frame Size To Use:	  1024
[2020.07.08-13.45.27:060][  0]LogAudioMixer: Display: 	Number of buffers to queue:			  2
[2020.07.08-13.45.27:060][  0]LogAudioMixer: Display: 	Max Channels (voices):				  32
[2020.07.08-13.45.27:060][  0]LogAudioMixer: Display: 	Number of Async Source Workers:		  0
[2020.07.08-13.45.27:061][  0]LogAudio: Display: AudioDevice MaxSources: 32
[2020.07.08-13.45.27:068][  0]LogAudio: Display: Using built-in audio occlusion.
[2020.07.08-13.45.27:069][  0]LogAudioMixer: Display: Initializing audio mixer.
[2020.07.08-13.45.27:209][  0]LogAudioMixer: Display: 0: FrontLeft
[2020.07.08-13.45.27:209][  0]LogAudioMixer: Display: 1: FrontRight
[2020.07.08-13.45.27:412][  0]LogAudioMixer: Display: Using Audio Device Speakers (Realtek High Definition Audio)
[2020.07.08-13.45.27:419][  0]LogAudioMixer: Display: Initializing Sound Submixes...
[2020.07.08-13.45.27:480][  0]LogAudioMixer: Display: Creating Master Submix 'MasterSubmixDefault'
[2020.07.08-13.45.27:481][  0]LogAudioMixer: Display: Creating Master Submix 'MasterReverbSubmixDefault'
[2020.07.08-13.45.27:486][  0]LogAudioMixer: Display: Creating Master Submix 'MasterEQSubmixDefault'
[2020.07.08-13.45.27:488][  0]LogInit: FAudioDevice initialized.
[2020.07.08-13.45.27:492][  0]LogNetVersion: Set ProjectVersion to 1.0.0.0. Version Checksum will be recalculated on next use.
[2020.07.08-13.45.27:689][  0]LogDerivedDataCache: Saved boot cache 0.19s 75MB C:/Users/User/AppData/Local/UnrealEngine/4.25/DerivedDataCache/Boot.ddc.
[2020.07.08-13.45.27:706][  0]LogInit: Texture streaming: Enabled
[2020.07.08-13.45.27:762][  0]LogEngineSessionManager: EngineSessionManager initialized
[2020.07.08-13.45.27:762][  0]LogEditorSessionSummary: Verbose: Initializing EditorSessionSummaryWriter for editor session tracking
[2020.07.08-13.45.27:769][  0]LogEditorSessionSummary: EditorSessionSummaryWriter initialized
[2020.07.08-13.45.27:964][  0]LogInit: Transaction tracking system initialized
[2020.07.08-13.45.28:062][  0]BlueprintLog: New page: Editor Load
[2020.07.08-13.45.28:418][  0]LocalizationService: Localization service is disabled
[2020.07.08-13.45.29:668][  0]LogCook: Display: Max memory allowance for cook 16384mb min free memory 0mb
[2020.07.08-13.45.29:669][  0]LogCook: Display: Mobile HDR setting 1
[2020.07.08-13.45.29:825][  0]LogFileCache: Scanning file cache for directory 'C:/Users/User/Documents/Unreal Projects/Snake/Content/' took 0.01s
[2020.07.08-13.45.31:502][  0]SourceControl: Source control is disabled
[2020.07.08-13.45.31:502][  0]LogUnrealEdMisc: Loading editor; pre map load, took 59.231
[2020.07.08-13.45.31:505][  0]Cmd: MAP LOAD FILE="../../../../../../Users/User/Documents/Unreal Projects/Snake/Content/StarterContent/Maps/Minimal_Default.umap" TEMPLATE=0 SHOWPROGRESS=1 FEATURELEVEL=3
[2020.07.08-13.45.31:509][  0]LightingResults: New page: Lighting Build
[2020.07.08-13.45.31:521][  0]LogWorld: UWorld::CleanupWorld for Untitled, bSessionEnded=true, bCleanupResources=true
[2020.07.08-13.45.31:526][  0]LogSlate: InvalidateAllWidgets triggered.  All widgets were invalidated
[2020.07.08-13.45.31:529][  0]MapCheck: New page: Map Check
[2020.07.08-13.45.31:529][  0]LightingResults: New page: Lighting Build
[2020.07.08-13.45.31:591][  0]LogAISub: UAISubsystem::~UAISubsystem EnvQueryManager (000001D619484600), frame # 0
[2020.07.08-13.45.31:591][  0]LogAISub: UAISubsystem::~UAISubsystem AIPerceptionSystem (000001D6194A5440), frame # 0
[2020.07.08-13.45.31:594][  0]LogUObjectHash: Compacting FUObjectHashTables data took   1.61ms
[2020.07.08-13.45.32:052][  0]LogAIModule: Creating AISystem for world Minimal_Default
[2020.07.08-13.45.32:052][  0]LogAISub: UAISubsystem::UAISubsystem EnvQueryManager (000001D607C82400), frame # 0
[2020.07.08-13.45.32:052][  0]LogAISub: UAISubsystem::UAISubsystem AIPerceptionSystem (000001D607D1A200), frame # 0
[2020.07.08-13.45.32:103][  0]LogEditorServer: Finished looking for orphan Actors (0.000 secs)
[2020.07.08-13.45.32:135][  0]LogUObjectHash: Compacting FUObjectHashTables data took   1.54ms
[2020.07.08-13.45.32:136][  0]Cmd: MAP CHECKDEP NOCLEARLOG
[2020.07.08-13.45.32:137][  0]MapCheck: Map check complete: 0 Error(s), 0 Warning(s), took 0.34ms to complete.
[2020.07.08-13.45.32:138][  0]LogFileHelpers: Loading map 'Minimal_Default' took 0.635
[2020.07.08-13.45.32:240][  0]LogUnrealEdMisc: Total Editor Startup Time, took 59.969
[2020.07.08-13.45.32:915][  0]LogSlate: Updating window title bar state: overlay mode, drag disabled, window buttons hidden, title bar hidden
[2020.07.08-13.45.32:932][  0]LogSlate: Updating window title bar state: overlay mode, drag disabled, window buttons hidden, title bar hidden
[2020.07.08-13.45.32:950][  0]LogSlate: Updating window title bar state: overlay mode, drag disabled, window buttons hidden, title bar hidden
[2020.07.08-13.45.32:966][  0]LogSlate: Updating window title bar state: overlay mode, drag disabled, window buttons hidden, title bar hidden
[2020.07.08-13.45.33:026][  0]LogCollectionManager: Loaded 0 collections in 0.006946 seconds
[2020.07.08-13.45.33:081][  0]LogFileCache: Scanning file cache for directory 'C:/Users/User/Documents/Unreal Projects/Snake/Saved/Collections/' took 0.00s
[2020.07.08-13.45.33:081][  0]LogFileCache: Scanning file cache for directory 'C:/Users/User/Documents/Unreal Projects/Snake/Content/Developers/User/Collections/' took 0.00s
[2020.07.08-13.45.33:081][  0]LogFileCache: Scanning file cache for directory 'C:/Users/User/Documents/Unreal Projects/Snake/Content/Collections/' took 0.00s
[2020.07.08-13.45.33:081][  0]LogContentBrowser: Native class hierarchy populated in 0.0270 seconds. Added 3427 classes and 821 folders.
[2020.07.08-13.45.33:098][  0]LogContentBrowser: Native class hierarchy updated for 'WidgetCarousel' in 0.0005 seconds. Added 0 classes and 0 folders.
[2020.07.08-13.45.34:133][  0]LogContentBrowser: Native class hierarchy updated for 'AddContentDialog' in 0.0005 seconds. Added 0 classes and 0 folders.
[2020.07.08-13.45.34:266][  0]LogSlate: Took 0.023079 seconds to synchronously load lazily loaded font '../../../Engine/Content/Slate/Fonts/Roboto-Regular.ttf' (155K)
[2020.07.08-13.45.34:284][  0]LogSlate: Took 0.011490 seconds to synchronously load lazily loaded font '../../../Engine/Content/Slate/Fonts/Roboto-Bold.ttf' (160K)
[2020.07.08-13.45.34:313][  0]LogSlate: Took 0.016313 seconds to synchronously load lazily loaded font '../../../Engine/Content/Editor/Slate/Fonts/FontAwesome.ttf' (139K)
[2020.07.08-13.45.34:630][  0]LogRenderer: Reallocating scene render targets to support 704x704 Format 10 NumSamples 1 (Frame:1).
[2020.07.08-13.45.49:542][  0]LogD3D11RHI: Error: SwapChain->ResizeBuffers(0, SizeX, SizeY, RenderTargetFormat, D3D11GetSwapChainFlags()) failed 
 at D:/Build/++UE4+Licensee/Sync/Engine/Source/Runtime/Windows/D3D11RHI/Private/D3D11Viewport.cpp:273 
 with error E_OUTOFMEMORY, 
 Size=1938x1048 Format=DXGI_FORMAT_R10G10B10A2_UNORM(0x00000018)
[2020.07.08-13.46.01:323][  0]LogConsoleResponse:     35 = 32768 KB (2D 4096x4096 PF_ShadowDepth) PreShadowCacheDepthZ
[2020.07.08-13.46.01:324][  0]LogConsoleResponse:     36 = 8192 KB (2D 2048x2048 PF_ShadowDepth) ShadowDepthAtlas
[2020.07.08-13.46.01:324][  0]LogConsoleResponse:     43 = 3872 KB (2D 704x704 PF_FloatRGBA RT UAV VRam) SceneColor VRamInKB(Start/Size):<NONE>
[2020.07.08-13.46.01:324][  0]LogConsoleResponse:     33 = 3872 KB (2D 704x704 PF_FloatRGBA RT UAV) LightAccumulation
[2020.07.08-13.46.01:324][  0]LogConsoleResponse:     49 = 3872 KB (2D 704x704 PF_FloatRGBA RT UAV) ScreenSpaceReflections
[2020.07.08-13.46.01:324][  0]LogConsoleResponse:     55 = 3872 KB (2D 704x704 PF_FloatRGBA RT VRam) SceneColor VRamInKB(Start/Size):<NONE>
[2020.07.08-13.46.01:324][  0]LogConsoleResponse:     50 = 3872 KB (2D 704x704 PF_FloatRGBA RT) SeparateTranslucency
[2020.07.08-13.46.01:324][  0]LogConsoleResponse:     56 = 3872 KB (2D 704x704 PF_FloatRGBA UAV) TemporalAA
[2020.07.08-13.46.01:324][  0]LogConsoleResponse:     54 = 2420 KB (2D 704x704 PF_DepthStencil 4xMSAA) EditorPrimitivesDepth
[2020.07.08-13.46.01:324][  0]LogConsoleResponse:     72 = 2420 KB (2D 704x704 PF_DepthStencil 4xMSAA) SelectionOutline
[2020.07.08-13.46.01:324][  0]LogConsoleResponse:     24 = 2420 KB (2D 704x704 PF_DepthStencil VRam) SceneDepthZ VRamInKB(Start/Size):<NONE>
[2020.07.08-13.46.01:324][  0]LogConsoleResponse:     27 = 2048 KB (3D 64x64x64 PF_FloatRGBA RT UAV) TranslucentVolume0
[2020.07.08-13.46.01:324][  0]LogConsoleResponse:     29 = 2048 KB (3D 64x64x64 PF_FloatRGBA RT UAV) TranslucentVolume1
[2020.07.08-13.46.01:324][  0]LogConsoleResponse:     31 = 2048 KB (3D 64x64x64 PF_FloatRGBA RT UAV) TranslucentVolume2
[2020.07.08-13.46.01:324][  0]LogConsoleResponse:     28 = 2048 KB (3D 64x64x64 PF_FloatRGBA RT UAV) TranslucentVolumeDir0
[2020.07.08-13.46.01:324][  0]LogConsoleResponse:     30 = 2048 KB (3D 64x64x64 PF_FloatRGBA RT UAV) TranslucentVolumeDir1
[2020.07.08-13.46.01:324][  0]LogConsoleResponse:     32 = 2048 KB (3D 64x64x64 PF_FloatRGBA RT UAV) TranslucentVolumeDir2
[2020.07.08-13.46.01:324][  0]LogConsoleResponse:     37 = 1936 KB (2D 704x704 PF_A2B10G10R10 RT) GBufferA
[2020.07.08-13.46.01:324][  0]LogConsoleResponse:     53 = 1936 KB (2D 704x704 PF_B8G8R8A8 RT 4xMSAA) EditorPrimitivesColor
[2020.07.08-13.46.01:324][  0]LogConsoleResponse:     39 = 1936 KB (2D 704x704 PF_B8G8R8A8 RT sRGB) GBufferC
[2020.07.08-13.46.01:324][  0]LogConsoleResponse:     71 = 1936 KB (2D 704x704 PF_B8G8R8A8 RT VRam) EditorPrimitives VRamInKB(Start/Size):<NONE>
[2020.07.08-13.46.01:324][  0]LogConsoleResponse:     38 = 1936 KB (2D 704x704 PF_B8G8R8A8 RT VRam) GBufferB VRamInKB(Start/Size):<NONE>
[2020.07.08-13.46.01:324][  0]LogConsoleResponse:     48 = 1936 KB (2D 704x704 PF_B8G8R8A8 RT VRam) ScreenShadowMaskTexture VRamInKB(Start/Size):<NONE>
[2020.07.08-13.46.01:324][  0]LogConsoleResponse:     73 = 1936 KB (2D 704x704 PF_B8G8R8A8 RT VRam) SelectionOutlineColor VRamInKB(Start/Size):<NONE>
[2020.07.08-13.46.01:324][  0]LogConsoleResponse:     40 = 1936 KB (2D 704x704 PF_B8G8R8A8 RT) GBufferD
[2020.07.08-13.46.01:325][  0]LogConsoleResponse:     41 = 1936 KB (2D 704x704 PF_B8G8R8A8 RT) GBufferE
[2020.07.08-13.46.01:325][  0]LogConsoleResponse:     45 = 1936 KB (2D 704x704 PF_G16R16 RT UAV) Velocity
[2020.07.08-13.46.01:325][  0]LogConsoleResponse:     25 = 1210 KB (2D 352x352 PF_DepthStencil) SmallDepthZ
[2020.07.08-13.46.01:325][  0]LogConsoleResponse:     46 = 968 KB (2D 352x352 PF_FloatRGBA RT VRam) AmbientOcclusionSetup VRamInKB(Start/Size):<NONE>
[2020.07.08-13.46.01:325][  0]LogConsoleResponse:     34 = 968 KB (2D 704x352 PF_R32_UINT RT UAV) QuadOverdrawBuffer
[2020.07.08-13.46.01:325][  0]LogConsoleResponse:     42 = 683 KB (2D 512x512 PF_R16F UAV VRam) HZBFurthest VRamInKB(Start/Size):<NONE>
[2020.07.08-13.46.01:325][  0]LogConsoleResponse:     47 = 484 KB (2D 352x352 PF_B8G8R8A8 RT VRam) AmbientOcclusion VRamInKB(Start/Size):<NONE>
[2020.07.08-13.46.01:325][  0]LogConsoleResponse:     70 = 484 KB (2D 352x352 PF_FloatRGB RT VRam) BloomX VRamInKB(Start/Size):<NONE>
[2020.07.08-13.46.01:325][  0]LogConsoleResponse:     57 = 484 KB (2D 352x352 PF_FloatRGB RT VRam) BloomY VRamInKB(Start/Size):<NONE>
[2020.07.08-13.46.01:325][  0]LogConsoleResponse:     26 = 484 KB (2D 704x704 PF_G8 RT UAV) ScreenSpaceAO
[2020.07.08-13.46.01:325][  0]LogConsoleResponse:      1 = 256 KB (2D 256x256 PF_B8G8R8A8) HZBResultsCPU
[2020.07.08-13.46.01:325][  0]LogConsoleResponse:      4 = 256 KB (2D 256x256 PF_B8G8R8A8) HZBResultsCPU
[2020.07.08-13.46.01:325][  0]LogConsoleResponse:      2 = 256 KB (2D 256x256 PF_B8G8R8A8) HZBResultsCPU
[2020.07.08-13.46.01:325][  0]LogConsoleResponse:      3 = 256 KB (2D 256x256 PF_B8G8R8A8) HZBResultsCPU
[2020.07.08-13.46.01:326][  0]LogConsoleResponse:     52 = 128 KB (3D 32x32x32 PF_A2B10G10R10 RT VRam) CombineLUTs VRamInKB(Start/Size):<NONE>
[2020.07.08-13.46.01:326][  0]LogConsoleResponse:     69 = 121 KB (2D 176x176 PF_FloatRGB RT VRam) BloomX VRamInKB(Start/Size):<NONE>
[2020.07.08-13.46.01:326][  0]LogConsoleResponse:     60 = 121 KB (2D 176x176 PF_FloatRGB RT VRam) BloomY VRamInKB(Start/Size):<NONE>
[2020.07.08-13.46.01:326][  0]LogConsoleResponse:     11 = 64 KB (2D 128x128 PF_B8G8R8A8) PerlinNoiseGradient
[2020.07.08-13.46.01:326][  0]LogConsoleResponse:     44 = 49 KB (2D 98x64 PF_A16B16G16R16) SSProfiles
[2020.07.08-13.46.01:326][  0]LogConsoleResponse:     22 = 32 KB (2D 64x64 PF_FloatRGBA VRam) LTCMat VRamInKB(Start/Size):<NONE>
[2020.07.08-13.46.01:326][  0]LogConsoleResponse:     68 = 31 KB (2D 88x88 PF_FloatRGB RT VRam) BloomX VRamInKB(Start/Size):<NONE>
[2020.07.08-13.46.01:326][  0]LogConsoleResponse:     61 = 31 KB (2D 88x88 PF_FloatRGB RT VRam) BloomY VRamInKB(Start/Size):<NONE>
[2020.07.08-13.46.01:326][  0]LogConsoleResponse:     18 = 16 KB (2D 128x32 PF_G16R16) PreintegratedGF
[2020.07.08-13.46.01:326][  0]LogConsoleResponse:     23 = 16 KB (2D 64x64 PF_G16R16F VRam) LTCAmp VRamInKB(Start/Size):<NONE>
[2020.07.08-13.46.01:326][  0]LogConsoleResponse:     19 = 16 KB (3D 16x16x16 PF_B8G8R8A8) PerlinNoise3D
[2020.07.08-13.46.01:326][  0]LogConsoleResponse:     58 = 9 KB (2D 16x66 PF_FloatRGBA RT UAV VRam) Histogram VRamInKB(Start/Size):<NONE>
[2020.07.08-13.46.01:326][  0]LogConsoleResponse:     67 = 8 KB (2D 44x44 PF_FloatRGB RT VRam) BloomX VRamInKB(Start/Size):<NONE>
[2020.07.08-13.46.01:326][  0]LogConsoleResponse:     62 = 8 KB (2D 44x44 PF_FloatRGB RT VRam) BloomY VRamInKB(Start/Size):<NONE>
[2020.07.08-13.46.01:326][  0]LogConsoleResponse:     20 = 8 KB (2D 64x64 PF_R8G8) SSAORandomization
[2020.07.08-13.46.01:326][  0]LogConsoleResponse:     66 = 2 KB (2D 22x22 PF_FloatRGB RT VRam) BloomX VRamInKB(Start/Size):<NONE>
[2020.07.08-13.46.01:326][  0]LogConsoleResponse:     63 = 2 KB (2D 22x22 PF_FloatRGB RT VRam) BloomY VRamInKB(Start/Size):<NONE>
[2020.07.08-13.46.01:326][  0]LogConsoleResponse:     65 = 1 KB (2D 11x11 PF_FloatRGB RT VRam) BloomX VRamInKB(Start/Size):<NONE>
[2020.07.08-13.46.01:326][  0]LogConsoleResponse:     64 = 1 KB (2D 11x11 PF_FloatRGB RT VRam) BloomY VRamInKB(Start/Size):<NONE>
[2020.07.08-13.46.01:326][  0]LogConsoleResponse:     59 = 1 KB (2D 16x2 PF_A32B32G32R32F RT VRam) HistogramReduce VRamInKB(Start/Size):<NONE>
[2020.07.08-13.46.01:326][  0]LogConsoleResponse:     51 = 1 KB (2D 1x1 PF_A32B32G32R32F RT UAV) EyeAdaptation
[2020.07.08-13.46.01:326][  0]LogConsoleResponse:      8 = 1 KB (2D 1x1 PF_B8G8R8A8 RT) BlackAlphaOneDummy
[2020.07.08-13.46.01:326][  0]LogConsoleResponse:      6 = 1 KB (2D 1x1 PF_B8G8R8A8 RT) BlackDummy
[2020.07.08-13.46.01:326][  0]LogConsoleResponse:     10 = 1 KB (2D 1x1 PF_B8G8R8A8 RT) DefaultNormal8Bit
[2020.07.08-13.46.01:326][  0]LogConsoleResponse:      9 = 1 KB (2D 1x1 PF_B8G8R8A8 RT) GreenDummy
[2020.07.08-13.46.01:326][  0]LogConsoleResponse:      5 = 1 KB (2D 1x1 PF_B8G8R8A8 RT) WhiteDummy
[2020.07.08-13.46.01:326][  0]LogConsoleResponse:     13 = 1 KB (2D 1x1 PF_DepthStencil) DepthDummy
[2020.07.08-13.46.01:326][  0]LogConsoleResponse:     12 = 1 KB (2D 1x1 PF_FloatRGBA RT) MaxFP16Depth
[2020.07.08-13.46.01:326][  0]LogConsoleResponse:     15 = 1 KB (2D 1x1 PF_FloatRGBA RT) MidGreyDummy
[2020.07.08-13.46.01:326][  0]LogConsoleResponse:      7 = 1 KB (2D 1x1 PF_R32_UINT RT) ZeroUIntDummy
[2020.07.08-13.46.01:326][  0]LogConsoleResponse:     14 = 1 KB (2D 1x1 PF_R8G8B8A8_UINT RT) StencilDummy
[2020.07.08-13.46.01:326][  0]LogConsoleResponse:     16 = 1 KB (2D 32x16 PF_R16_UINT) SobolSampling
[2020.07.08-13.46.01:326][  0]LogConsoleResponse:     21 = 1 KB (2D 4x4 PF_R8G8B8A8) GTAORandomization
[2020.07.08-13.46.01:326][  0]LogConsoleResponse:     17 = 1 KB (3D 1x1x1 PF_B8G8R8A8 RT) VolumetricBlackDummy
[2020.07.08-13.46.01:326][  0]LogConsoleResponse: 
[2020.07.08-13.46.01:326][  0]LogConsoleResponse: Pool: 58/108 MB (referenced/allocated)
[2020.07.08-13.46.01:327][  0]Cmd: rhi.DumpMemory
[2020.07.08-13.46.01:332][  0]RHI resource memory (not tracked by our allocator)
[2020.07.08-13.46.01:332][  0]               0  -  Render target memory 3D - STAT_RenderTargetMemory3D - STATGROUP_RHI - STATCAT_Advanced
[2020.07.08-13.46.01:332][  0]               0  -  Structured buffer memory - STAT_StructuredBufferMemory - STATGROUP_RHI - STATCAT_Advanced
[2020.07.08-13.46.01:332][  0]               0  -  Uniform buffer memory - STAT_UniformBufferMemory - STATGROUP_RHI - STATCAT_Advanced
[2020.07.08-13.46.01:332][  0]               0  -  Texture memory Cube - STAT_TextureMemoryCube - STATGROUP_RHI - STATCAT_Advanced
[2020.07.08-13.46.01:332][  0]               0  -  Texture memory 3D - STAT_TextureMemory3D - STATGROUP_RHI - STATCAT_Advanced
[2020.07.08-13.46.01:332][  0]               0  -  Render target memory 2D - STAT_RenderTargetMemory2D - STATGROUP_RHI - STATCAT_Advanced
[2020.07.08-13.46.01:332][  0]               0  -  Texture memory 2D - STAT_TextureMemory2D - STATGROUP_RHI - STATCAT_Advanced
[2020.07.08-13.46.01:332][  0]               0  -  Index buffer memory - STAT_IndexBufferMemory - STATGROUP_RHI - STATCAT_Advanced
[2020.07.08-13.46.01:332][  0]               0  -  Vertex buffer memory - STAT_VertexBufferMemory - STATGROUP_RHI - STATCAT_Advanced
[2020.07.08-13.46.01:332][  0]0.000MB total
[2020.07.08-13.46.01:332][  0]LogWindows: FPlatformMisc::RequestExit(1)
[2020.07.08-13.46.01:332][  0]LogCore: Engine exit requested (reason: Win RequestExit)
[2020.07.08-13.46.01:343][  0]Log file closed, 07/08/20 16:46:01
